<?xml version="1.0" encoding="UTF-8"?>
<!-- Generated by org.testng.reporters.JUnitReportReporter -->
<testsuite hostname="LAPTOP-OQPRRC6R" failures="0" tests="3" name="basic.Annotations" time="0.031" errors="0" timestamp="2022-09-27T12:41:29 IST" skipped="0">
  <testcase classname="basic.Annotations" name="test3" time="0.007"/>
  <system-out/>
  <testcase classname="basic.Annotations" name="test1" time="0.014"/>
  <system-out/>
  <testcase classname="basic.Annotations" name="test2" time="0.010"/>
  <system-out/>
</testsuite> <!-- basic.Annotations -->
