<?xml version="1.0" encoding="UTF-8"?>
<!-- Generated by org.testng.reporters.JUnitReportReporter -->
<testsuite hostname="LAPTOP-OQPRRC6R" failures="0" tests="5" name="basic.Annotations1" time="0.012" errors="0" timestamp="2022-09-27T12:33:35 IST" skipped="0">
  <testcase classname="basic.Annotations1" name="test5" time="0.002"/>
  <system-out/>
  <testcase classname="basic.Annotations1" name="test2" time="0.002"/>
  <system-out/>
  <testcase classname="basic.Annotations1" name="test1" time="0.002"/>
  <system-out/>
  <testcase classname="basic.Annotations1" name="test3" time="0.003"/>
  <system-out/>
  <testcase classname="basic.Annotations1" name="test4" time="0.003"/>
  <system-out/>
</testsuite> <!-- basic.Annotations1 -->
